[2018/6/20 12:10:20 683] 正在启动程序
    [2018/6/20 12:10:20 683] 版本号： 4.0.0.21908
    [2018/6/20 12:10:20 683] 文件路径： F:\VB.NET\works\ShadowPlayer\ShadowPlayer\ShadowPlayer\bin\Release\ShadowPlayer.exe
    [2018/6/20 12:10:20 693] 程序最后修改时间： 2018/6/20 12:10:16
[2018/6/20 12:10:20 703] 程序启动成功
[2018/6/20 12:10:21 983] 程序退出
    附加信息：
=========================================
[2018/9/17 12:10:48 997] 正在启动程序
    [2018/9/17 12:10:48 997] 版本号： 4.0.0.21908
    [2018/9/17 12:10:48 997] 文件路径： F:\VB.NET\works\ShadowPlayer\ShadowPlayer\ShadowPlayer\bin\Release\ShadowPlayer.exe
    [2018/9/17 12:10:48 997] 程序最后修改时间： 2018/6/20 12:10:16
[2018/9/17 12:10:49 17] 程序启动成功
[2018/6/20 17:41:01 935] 程序退出
    附加信息：
=========================================
[2018/6/20 17:41:09 735] 正在启动程序
    [2018/6/20 17:41:09 736] 版本号： 4.0.0.31828
    [2018/6/20 17:41:09 737] 文件路径： F:\VB.NET\works\ShadowPlayer\ShadowPlayer\ShadowPlayer\bin\Release\ShadowPlayer.exe
    [2018/6/20 17:41:09 747] 程序最后修改时间： 2018/6/20 17:40:56
[2018/6/20 17:41:09 763] 程序启动成功
[2018/6/20 17:42:36 871] 正在启动程序
    [2018/6/20 17:42:36 873] 版本号： 4.0.0.31877
    [2018/6/20 17:42:36 873] 文件路径： F:\VB.NET\works\ShadowPlayer\ShadowPlayer\ShadowPlayer\bin\Release\ShadowPlayer.exe
    [2018/6/20 17:42:36 875] 程序最后修改时间： 2018/6/20 17:42:34
[2018/6/20 17:42:36 888] 程序启动成功
[2018/6/20 17:42:49 216] 程序退出
    附加信息：
=========================================
[2018/6/20 17:42:59 301] 正在启动程序
    [2018/6/20 17:42:59 302] 版本号： 4.0.0.31888
    [2018/6/20 17:42:59 303] 文件路径： F:\VB.NET\works\ShadowPlayer\ShadowPlayer\ShadowPlayer\bin\Release\ShadowPlayer.exe
    [2018/6/20 17:42:59 305] 程序最后修改时间： 2018/6/20 17:42:57
[2018/6/20 17:42:59 316] 程序启动成功
[2018/6/20 17:43:05 72] 程序退出
    附加信息：
=========================================
[2018/6/20 17:43:48 874] 正在启动程序
    [2018/6/20 17:43:48 875] 版本号： 4.0.0.31913
    [2018/6/20 17:43:48 876] 文件路径： F:\VB.NET\works\ShadowPlayer\ShadowPlayer\ShadowPlayer\bin\Release\ShadowPlayer.exe
    [2018/6/20 17:43:48 877] 程序最后修改时间： 2018/6/20 17:43:46
[2018/6/20 17:43:48 892] 程序启动成功
[2018/6/20 17:43:51 440] 程序退出
    附加信息：
=========================================
[2018/9/18 12:05:27 101] 正在启动程序
    [2018/9/18 12:05:27 102] 版本号： 4.0.0.31913
    [2018/9/18 12:05:27 102] 文件路径： F:\VB.NET\works\ShadowPlayer\ShadowPlayer\ShadowPlayer\bin\Release\ShadowPlayer.exe
    [2018/9/18 12:05:27 102] 程序最后修改时间： 2018/6/20 17:43:46
[2018/9/18 12:05:27 116] 程序启动成功
[2018/9/18 12:05:29 601] 程序退出
    附加信息：
=========================================
[2018/6/20 12:06:51 664] 正在启动程序
    [2018/6/20 12:06:51 680] 版本号： 4.0.2.21804
    [2018/6/20 12:06:51 681] 文件路径： F:\VB.NET\works\ShadowPlayer\ShadowPlayer\ShadowPlayer\bin\Release\ShadowPlayer.exe
    [2018/6/20 12:06:51 682] 程序最后修改时间： 2018/6/20 12:06:48
[2018/6/20 12:06:51 694] 程序启动成功
[2018/6/20 12:06:54 321] 程序退出
    附加信息：
=========================================
[2018/9/20 12:07:36 809] 正在启动程序
    [2018/9/20 12:07:36 810] 版本号： 4.0.2.21804
    [2018/9/20 12:07:36 810] 文件路径： F:\VB.NET\works\ShadowPlayer\ShadowPlayer\ShadowPlayer\bin\Release\ShadowPlayer.exe
    [2018/9/20 12:07:36 811] 程序最后修改时间： 2018/6/20 12:06:48
[2018/9/20 12:07:36 820] 程序启动成功
[2018/9/20 12:07:38 496] 程序退出
    附加信息：
=========================================
[2018/9/25 11:56:47 897] 正在启动程序
    [2018/9/25 11:56:47 898] 版本号： 4.0.2.21804
    [2018/9/25 11:56:47 898] 文件路径： F:\VB.NET\works\ShadowPlayer\ShadowPlayer\ShadowPlayer\bin\Release\ShadowPlayer.exe
    [2018/9/25 11:56:47 898] 程序最后修改时间： 2018/6/20 12:06:48
[2018/9/25 11:56:47 912] 程序启动成功
[2018/9/26 11:39:44 718] 程序退出
    附加信息：
=========================================
[2018/9/28 12:00:28 296] 正在启动程序
    [2018/9/28 12:00:28 296] 版本号： 4.0.2.21804
    [2018/9/28 12:00:28 297] 文件路径： F:\VB.NET\works\ShadowPlayer\ShadowPlayer\ShadowPlayer\bin\Release\ShadowPlayer.exe
    [2018/9/28 12:00:28 298] 程序最后修改时间： 2018/6/20 12:06:48
[2018/9/28 12:00:28 312] 程序启动成功
[2018/9/29 13:42:48 188] 程序退出
    附加信息：
=========================================
[2018/9/29 13:43:09 138] 正在启动程序
    [2018/9/29 13:43:09 139] 版本号： 4.0.2.21804
    [2018/9/29 13:43:09 139] 文件路径： F:\VB.NET\works\ShadowPlayer\ShadowPlayer\ShadowPlayer\bin\Release\ShadowPlayer.exe
    [2018/9/29 13:43:09 139] 程序最后修改时间： 2018/6/20 12:06:48
[2018/9/29 13:43:09 150] 程序启动成功
[2018/9/29 20:21:33 432] 程序退出
    附加信息：
=========================================
[2018/10/5 13:46:44 249] 正在启动程序
    [2018/10/5 13:46:44 250] 版本号： 4.0.2.21804
    [2018/10/5 13:46:44 250] 文件路径： F:\VB.NET\works\ShadowPlayer\ShadowPlayer\ShadowPlayer\bin\Release\ShadowPlayer.exe
    [2018/10/5 13:46:44 250] 程序最后修改时间： 2018/6/20 12:06:48
[2018/10/5 13:46:44 264] 程序启动成功
[2018/10/5 21:54:46 135] 程序退出
    附加信息：
=========================================
[2018/10/8 12:07:19 674] 正在启动程序
    [2018/10/8 12:07:19 724] 版本号： 4.0.2.21804
    [2018/10/8 12:07:19 728] 文件路径： F:\VB.NET\works\ShadowPlayer\ShadowPlayer\ShadowPlayer\bin\Release\ShadowPlayer.exe
    [2018/10/8 12:07:19 730] 程序最后修改时间： 2018/6/20 12:06:48
[2018/10/8 12:07:19 792] 程序启动成功
[2018/10/9 12:10:21 922] 程序退出
    附加信息：
=========================================
[2018/10/10 12:10:07 56] 正在启动程序
    [2018/10/10 12:10:07 70] 版本号： 4.0.2.36686
    [2018/10/10 12:10:07 70] 文件路径： F:\VB.NET\works\ShadowPlayer\ShadowPlayer\ShadowPlayer\bin\Release\ShadowPlayer.exe
    [2018/10/10 12:10:07 71] 程序最后修改时间： 2018/6/20 20:22:52
[2018/10/10 12:10:07 82] 程序启动成功
[2018/10/10 12:10:11 595] 程序退出
    附加信息：
=========================================
[2018/6/20 14:22:26 982] 正在启动程序
    [2018/6/20 14:22:27 3] 版本号： 4.0.2.25871
    [2018/6/20 14:22:27 3] 文件路径： F:\VB.NET\works\ShadowPlayer\ShadowPlayer\ShadowPlayer\bin\Release\ShadowPlayer.exe
    [2018/6/20 14:22:27 4] 程序最后修改时间： 2018/6/20 14:22:23
[2018/6/20 14:22:27 29] 程序启动成功
[2018/6/20 14:22:31 779] 程序退出
    附加信息：
=========================================
[2018/10/22 12:02:23 195] 正在启动程序
    [2018/10/22 12:02:23 245] 版本号： 4.0.2.28743
    [2018/10/22 12:02:23 245] 文件路径： F:\VB.NET\works\ShadowPlayer\ShadowPlayer\ShadowPlayer\bin\Release\ShadowPlayer.exe
    [2018/10/22 12:02:23 245] 程序最后修改时间： 2018/6/20 15:58:07
[2018/10/22 12:02:23 325] 程序启动成功
[2018/10/22 12:02:35 445] 程序退出
    附加信息：
=========================================
[2018/10/22 12:07:21 993] 正在启动程序
    [2018/10/22 12:07:21 993] 版本号： 4.0.2.21770
    [2018/10/22 12:07:21 993] 文件路径： F:\VB.NET\works\ShadowPlayer\ShadowPlayer\ShadowPlayer\bin\Release\ShadowPlayer.exe
    [2018/10/22 12:07:21 993] 程序最后修改时间： 2018/6/20 12:05:43
[2018/10/22 12:07:22 3] 程序启动成功
[2018/10/22 21:33:03 852] 程序退出
    附加信息：
=========================================
[2018/10/23 11:54:43 489] 正在启动程序
    [2018/10/23 11:54:43 489] 版本号： 4.0.2.21770
    [2018/10/23 11:54:43 490] 文件路径： F:\VB.NET\works\ShadowPlayer\ShadowPlayer\ShadowPlayer\bin\Release\ShadowPlayer.exe
    [2018/10/23 11:54:43 490] 程序最后修改时间： 2018/6/20 12:05:43
[2018/10/23 11:54:43 502] 程序启动成功
[2018/6/20 17:12:06 60] 程序退出
    附加信息：
=========================================
[2018/10/24 11:54:07 133] 正在启动程序
    [2018/10/24 11:54:07 133] 版本号： 4.0.2.21770
    [2018/10/24 11:54:07 133] 文件路径： F:\VB.NET\works\ShadowPlayer\ShadowPlayer\ShadowPlayer\bin\Release\ShadowPlayer.exe
    [2018/10/24 11:54:07 134] 程序最后修改时间： 2018/6/20 12:05:43
[2018/10/24 11:54:07 147] 程序启动成功
[2018/10/25 13:29:35 280] 正在启动程序
    [2018/10/25 13:29:35 300] 版本号： 4.0.2.21770
    [2018/10/25 13:29:35 300] 文件路径： F:\VB.NET\works\ShadowPlayer\ShadowPlayer\ShadowPlayer\bin\Release\ShadowPlayer.exe
    [2018/10/25 13:29:35 300] 程序最后修改时间： 2018/6/20 12:05:43
[2018/10/25 13:29:35 320] 程序启动成功
[2018/10/25 13:34:24 990] 程序退出
    附加信息：
=========================================
[2018/10/26 12:03:03 975] 正在启动程序
    [2018/10/26 12:03:03 975] 版本号： 4.0.2.21770
    [2018/10/26 12:03:03 975] 文件路径： F:\VB.NET\works\ShadowPlayer\ShadowPlayer\ShadowPlayer\bin\Release\ShadowPlayer.exe
    [2018/10/26 12:03:03 976] 程序最后修改时间： 2018/6/20 12:05:43
[2018/10/26 12:03:03 989] 程序启动成功
[2018/6/20 21:50:01 142] 程序退出
    附加信息：
=========================================
[2018/10/26 21:56:14 211] 正在启动程序
    [2018/10/26 21:56:14 212] 版本号： 4.1.0.39479
    [2018/10/26 21:56:14 212] 文件路径： F:\VB.NET\works\ShadowPlayer\ShadowPlayer\ShadowPlayer\bin\Release\ShadowPlayer.exe
    [2018/10/26 21:56:14 212] 程序最后修改时间： 2018/6/20 21:55:58
[2018/10/26 21:56:14 227] 程序启动成功
[2018/10/26 21:56:23 323] 程序退出
    附加信息：
=========================================
[2018/10/26 21:57:05 641] 正在启动程序
    [2018/10/26 21:57:05 642] 版本号： 4.1.0.39479
    [2018/10/26 21:57:05 642] 文件路径： F:\VB.NET\works\ShadowPlayer\ShadowPlayer\ShadowPlayer\bin\Release\ShadowPlayer.exe
    [2018/10/26 21:57:05 643] 程序最后修改时间： 2018/6/20 21:55:58
[2018/10/26 21:57:05 653] 程序启动成功
[2018/10/26 22:01:47 164] 程序退出
    附加信息：
=========================================
[2018/6/20 12:10:48 154] 正在启动程序
    [2018/6/20 12:10:48 154] 版本号： 4.1.0.16432
    [2018/6/20 12:10:48 154] 文件路径： F:\VB.NET\works\ShadowPlayer\ShadowPlayer\ShadowPlayer\bin\Release\ShadowPlayer.exe
    [2018/6/20 12:10:48 154] 程序最后修改时间： 2018/6/20 9:07:44
[2018/6/20 12:10:48 164] 程序启动成功
[2018/10/27 15:57:27 282] 程序退出
    附加信息：
=========================================
[2018/10/27 21:48:38 278] 正在启动程序
    [2018/10/27 21:48:38 279] 版本号： 4.1.0.16432
    [2018/10/27 21:48:38 279] 文件路径： F:\VB.NET\works\ShadowPlayer\ShadowPlayer\ShadowPlayer\bin\Release\ShadowPlayer.exe
    [2018/10/27 21:48:38 280] 程序最后修改时间： 2018/6/20 9:07:44
[2018/10/27 21:48:38 297] 程序启动成功
[2018/10/27 21:48:39 688] 程序退出
    附加信息：
=========================================
[2018/6/20 9:13:58 883] 正在启动程序
    [2018/6/20 9:13:58 883] 版本号： 4.1.0.16612
    [2018/6/20 9:13:58 883] 文件路径： F:\VB.NET\works\ShadowPlayer\ShadowPlayer\ShadowPlayer\bin\Release\ShadowPlayer.exe
    [2018/6/20 9:13:58 893] 程序最后修改时间： 2018/6/20 9:13:46
[2018/6/20 9:13:58 913] 程序启动成功
[2018/6/20 9:14:07 23] 程序退出
    附加信息：
=========================================
[2018/6/20 9:14:28 299] 正在启动程序
    [2018/6/20 9:14:28 299] 版本号： 4.1.0.16633
    [2018/6/20 9:14:28 299] 文件路径： F:\VB.NET\works\ShadowPlayer\ShadowPlayer\ShadowPlayer\bin\Release\ShadowPlayer.exe
    [2018/6/20 9:14:28 299] 程序最后修改时间： 2018/6/20 9:14:26
[2018/6/20 9:14:28 319] 程序启动成功
[2018/6/20 9:14:32 539] 程序退出
    附加信息：
=========================================
[2018/6/20 9:15:25 399] 正在启动程序
    [2018/6/20 9:15:25 399] 版本号： 4.1.0.16661
    [2018/6/20 9:15:25 399] 文件路径： F:\VB.NET\works\ShadowPlayer\ShadowPlayer\ShadowPlayer\bin\Release\ShadowPlayer.exe
    [2018/6/20 9:15:25 399] 程序最后修改时间： 2018/6/20 9:15:23
[2018/6/20 9:15:25 409] 程序启动成功
[2018/6/20 9:15:33 299] 程序退出
    附加信息：
=========================================
[2018/6/20 9:15:35 826] 正在启动程序
    [2018/6/20 9:15:35 827] 版本号： 4.1.0.16661
    [2018/6/20 9:15:35 827] 文件路径： F:\VB.NET\works\ShadowPlayer\ShadowPlayer\ShadowPlayer\bin\Release\ShadowPlayer.exe
    [2018/6/20 9:15:35 827] 程序最后修改时间： 2018/6/20 9:15:23
[2018/6/20 9:15:35 838] 程序启动成功
[2018/6/20 9:15:41 498] 程序退出
    附加信息：
=========================================
[2018/6/20 10:05:18 894] 正在启动程序
    [2018/6/20 10:05:18 914] 版本号： 4.1.0.18155
    [2018/6/20 10:05:18 914] 文件路径： F:\VB.NET\works\ShadowPlayer\ShadowPlayer\ShadowPlayer\bin\Release\ShadowPlayer.exe
    [2018/6/20 10:05:18 914] 程序最后修改时间： 2018/6/20 10:05:10
[2018/6/20 10:05:18 924] 程序启动成功
[2018/6/20 10:05:20 634] 程序退出
    附加信息：
=========================================
[2018/6/20 10:08:41 436] 正在启动程序
    [2018/6/20 10:08:41 437] 版本号： 4.1.0.18250
    [2018/6/20 10:08:41 437] 文件路径： F:\VB.NET\works\ShadowPlayer\ShadowPlayer\ShadowPlayer\bin\Release\ShadowPlayer.exe
    [2018/6/20 10:08:41 438] 程序最后修改时间： 2018/6/20 10:08:20
[2018/6/20 10:08:41 453] 程序启动成功
[2018/6/20 10:08:46 211] 程序退出
    附加信息：
=========================================
[2018/10/28 12:07:08 615] 正在启动程序
    [2018/10/28 12:07:08 615] 版本号： 4.1.0.18250
    [2018/10/28 12:07:08 615] 文件路径： F:\VB.NET\works\ShadowPlayer\ShadowPlayer\ShadowPlayer\bin\Release\ShadowPlayer.exe
    [2018/10/28 12:07:08 615] 程序最后修改时间： 2018/6/20 10:08:20
[2018/10/28 12:07:08 635] 程序启动成功
[2018/6/20 17:19:15 678] 程序退出
    附加信息：
=========================================
[2018/6/20 17:19:19 958] 正在启动程序
    [2018/6/20 17:19:19 958] 版本号： 4.1.0.18250
    [2018/6/20 17:19:19 958] 文件路径： F:\VB.NET\works\ShadowPlayer\ShadowPlayer\ShadowPlayer\bin\Release\ShadowPlayer.exe
    [2018/6/20 17:19:19 958] 程序最后修改时间： 2018/6/20 10:08:20
[2018/6/20 17:19:19 973] 程序启动成功
[2018/6/20 17:19:23 93] 程序退出
    附加信息：
=========================================
[2018/6/20 17:19:33 579] 正在启动程序
    [2018/6/20 17:19:33 579] 版本号： 4.1.0.18250
    [2018/6/20 17:19:33 579] 文件路径： F:\VB.NET\works\ShadowPlayer\ShadowPlayer\ShadowPlayer\bin\Release\ShadowPlayer.exe
    [2018/6/20 17:19:33 579] 程序最后修改时间： 2018/6/20 10:08:20
[2018/6/20 17:19:33 594] 程序启动成功
[2018/6/20 17:19:34 546] 程序退出
    附加信息：
=========================================
[2018/10/29 12:08:56 899] 正在启动程序
    [2018/10/29 12:08:56 917] 版本号： 4.1.0.18250
    [2018/10/29 12:08:56 917] 文件路径： F:\VB.NET\works\ShadowPlayer\ShadowPlayer\ShadowPlayer\bin\Release\ShadowPlayer.exe
    [2018/10/29 12:08:56 918] 程序最后修改时间： 2018/6/20 10:08:20
[2018/10/29 12:08:56 933] 程序启动成功
[2018/10/29 12:09:14 715] 程序退出
    附加信息：
=========================================
